c:\users\xelrac\documents\bulletdemo\debug\bulletsoftbody.pdb
c:\users\xelrac\documents\bulletdemo\debug\bulletsoftbody.idb
c:\users\xelrac\documents\bulletdemo\dependencies\bulletphysics\src\bulletsoftbody\debug\poly34.obj
c:\users\xelrac\documents\bulletdemo\dependencies\bulletphysics\src\bulletsoftbody\debug\btsoftsoftcollisionalgorithm.obj
c:\users\xelrac\documents\bulletdemo\dependencies\bulletphysics\src\bulletsoftbody\debug\btsoftrigiddynamicsworld.obj
c:\users\xelrac\documents\bulletdemo\dependencies\bulletphysics\src\bulletsoftbody\debug\btsoftrigidcollisionalgorithm.obj
c:\users\xelrac\documents\bulletdemo\dependencies\bulletphysics\src\bulletsoftbody\debug\btsoftmultibodydynamicsworld.obj
c:\users\xelrac\documents\bulletdemo\dependencies\bulletphysics\src\bulletsoftbody\debug\btsoftbodyrigidbodycollisionconfiguration.obj
c:\users\xelrac\documents\bulletdemo\dependencies\bulletphysics\src\bulletsoftbody\debug\btsoftbodyhelpers.obj
c:\users\xelrac\documents\bulletdemo\dependencies\bulletphysics\src\bulletsoftbody\debug\btsoftbodyconcavecollisionalgorithm.obj
c:\users\xelrac\documents\bulletdemo\dependencies\bulletphysics\src\bulletsoftbody\debug\btsoftbody.obj
c:\users\xelrac\documents\bulletdemo\dependencies\bulletphysics\src\bulletsoftbody\debug\btdeformablemultibodydynamicsworld.obj
c:\users\xelrac\documents\bulletdemo\dependencies\bulletphysics\src\bulletsoftbody\debug\btdeformablemultibodyconstraintsolver.obj
c:\users\xelrac\documents\bulletdemo\dependencies\bulletphysics\src\bulletsoftbody\debug\btdeformablecontactprojection.obj
c:\users\xelrac\documents\bulletdemo\dependencies\bulletphysics\src\bulletsoftbody\debug\btdeformablecontactconstraint.obj
c:\users\xelrac\documents\bulletdemo\dependencies\bulletphysics\src\bulletsoftbody\debug\btdeformablebodysolver.obj
c:\users\xelrac\documents\bulletdemo\dependencies\bulletphysics\src\bulletsoftbody\debug\btdeformablebackwardeulerobjective.obj
c:\users\xelrac\documents\bulletdemo\dependencies\bulletphysics\src\bulletsoftbody\debug\btdefaultsoftbodysolver.obj
c:\users\xelrac\documents\bulletdemo\debug\bulletsoftbody.lib
c:\users\xelrac\documents\bulletdemo\dependencies\bulletphysics\src\bulletsoftbody\debug\bulletsoftbody.idb
c:\users\xelrac\documents\bulletdemo\dependencies\bulletphysics\src\bulletsoftbody\debug\bulletsoftbody.pdb
c:\users\xelrac\documents\bulletdemo\dependencies\bulletphysics\src\bulletsoftbody\debug\bulletsoftbody.tlog\cl.command.1.tlog
c:\users\xelrac\documents\bulletdemo\dependencies\bulletphysics\src\bulletsoftbody\debug\bulletsoftbody.tlog\cl.read.1.tlog
c:\users\xelrac\documents\bulletdemo\dependencies\bulletphysics\src\bulletsoftbody\debug\bulletsoftbody.tlog\cl.write.1.tlog
c:\users\xelrac\documents\bulletdemo\dependencies\bulletphysics\src\bulletsoftbody\debug\bulletsoftbody.tlog\lib-link.read.1.tlog
c:\users\xelrac\documents\bulletdemo\dependencies\bulletphysics\src\bulletsoftbody\debug\bulletsoftbody.tlog\lib-link.write.1.tlog
c:\users\xelrac\documents\bulletdemo\dependencies\bulletphysics\src\bulletsoftbody\debug\bulletsoftbody.tlog\lib.command.1.tlog
