c:\users\xelrac\documents\bulletdemo\debug\linearmath.pdb
c:\users\xelrac\documents\bulletdemo\debug\linearmath.idb
c:\users\xelrac\documents\bulletdemo\dependencies\bulletphysics\src\linearmath\debug\btthreadsupportwin32.obj
c:\users\xelrac\documents\bulletdemo\dependencies\bulletphysics\src\linearmath\debug\btthreadsupportposix.obj
c:\users\xelrac\documents\bulletdemo\dependencies\bulletphysics\src\linearmath\debug\bttaskscheduler.obj
c:\users\xelrac\documents\bulletdemo\dependencies\bulletphysics\src\linearmath\debug\btvector3.obj
c:\users\xelrac\documents\bulletdemo\dependencies\bulletphysics\src\linearmath\debug\btthreads.obj
c:\users\xelrac\documents\bulletdemo\dependencies\bulletphysics\src\linearmath\debug\btserializer64.obj
c:\users\xelrac\documents\bulletdemo\dependencies\bulletphysics\src\linearmath\debug\btserializer.obj
c:\users\xelrac\documents\bulletdemo\dependencies\bulletphysics\src\linearmath\debug\btreducedvector.obj
c:\users\xelrac\documents\bulletdemo\dependencies\bulletphysics\src\linearmath\debug\btquickprof.obj
c:\users\xelrac\documents\bulletdemo\dependencies\bulletphysics\src\linearmath\debug\btpolardecomposition.obj
c:\users\xelrac\documents\bulletdemo\dependencies\bulletphysics\src\linearmath\debug\btgeometryutil.obj
c:\users\xelrac\documents\bulletdemo\dependencies\bulletphysics\src\linearmath\debug\btconvexhullcomputer.obj
c:\users\xelrac\documents\bulletdemo\dependencies\bulletphysics\src\linearmath\debug\btconvexhull.obj
c:\users\xelrac\documents\bulletdemo\dependencies\bulletphysics\src\linearmath\debug\btalignedallocator.obj
c:\users\xelrac\documents\bulletdemo\debug\linearmath.lib
c:\users\xelrac\documents\bulletdemo\dependencies\bulletphysics\src\linearmath\debug\linearmath.idb
c:\users\xelrac\documents\bulletdemo\dependencies\bulletphysics\src\linearmath\debug\linearmath.pdb
c:\users\xelrac\documents\bulletdemo\dependencies\bulletphysics\src\linearmath\debug\linearmath.tlog\cl.command.1.tlog
c:\users\xelrac\documents\bulletdemo\dependencies\bulletphysics\src\linearmath\debug\linearmath.tlog\cl.read.1.tlog
c:\users\xelrac\documents\bulletdemo\dependencies\bulletphysics\src\linearmath\debug\linearmath.tlog\cl.write.1.tlog
c:\users\xelrac\documents\bulletdemo\dependencies\bulletphysics\src\linearmath\debug\linearmath.tlog\lib-link.read.1.tlog
c:\users\xelrac\documents\bulletdemo\dependencies\bulletphysics\src\linearmath\debug\linearmath.tlog\lib-link.write.1.tlog
c:\users\xelrac\documents\bulletdemo\dependencies\bulletphysics\src\linearmath\debug\linearmath.tlog\lib.command.1.tlog
