  Camera.cpp
C:\Users\xelrac\Documents\GitHub\BulletDemo\BulletDemo\src\Camera.cpp(80,21): warning C4244: 'initializing': conversion from 'double' to 'float', possible loss of data
C:\Users\xelrac\Documents\GitHub\BulletDemo\BulletDemo\src\Camera.cpp(81,21): warning C4244: 'initializing': conversion from 'double' to 'float', possible loss of data
C:\Users\xelrac\Documents\GitHub\BulletDemo\BulletDemo\src\Camera.cpp(118,26): warning C4244: '=': conversion from 'double' to 'T', possible loss of data
          with
          [
              T=float
          ]
C:\Users\xelrac\Documents\GitHub\BulletDemo\BulletDemo\src\Camera.cpp(119,26): warning C4244: '=': conversion from 'double' to 'T', possible loss of data
          with
          [
              T=float
          ]
C:\Users\xelrac\Documents\GitHub\BulletDemo\BulletDemo\src\Camera.cpp(132,21): warning C4244: 'initializing': conversion from 'double' to 'float', possible loss of data
C:\Users\xelrac\Documents\GitHub\BulletDemo\BulletDemo\src\Camera.cpp(133,21): warning C4244: 'initializing': conversion from 'double' to 'float', possible loss of data
C:\Users\xelrac\Documents\GitHub\BulletDemo\BulletDemo\src\Camera.cpp(144,26): warning C4244: '=': conversion from 'double' to 'T', possible loss of data
          with
          [
              T=float
          ]
C:\Users\xelrac\Documents\GitHub\BulletDemo\BulletDemo\src\Camera.cpp(145,26): warning C4244: '=': conversion from 'double' to 'T', possible loss of data
          with
          [
              T=float
          ]
C:\Users\xelrac\Documents\GitHub\BulletDemo\BulletDemo\src\Camera.cpp(180,18): warning C4244: 'initializing': conversion from 'double' to 'float', possible loss of data
C:\Users\xelrac\Documents\GitHub\BulletDemo\BulletDemo\src\Camera.cpp(181,19): warning C4244: 'initializing': conversion from 'double' to 'float', possible loss of data
C:\Users\xelrac\Documents\GitHub\BulletDemo\BulletDemo\src\Camera.cpp(187,15): warning C4244: 'initializing': conversion from 'double' to 'float', possible loss of data
C:\Users\xelrac\Documents\GitHub\BulletDemo\BulletDemo\src\Camera.cpp(188,15): warning C4244: 'initializing': conversion from 'double' to 'float', possible loss of data
C:\Users\xelrac\Documents\GitHub\BulletDemo\BulletDemo\src\Camera.cpp(209,18): warning C4244: 'initializing': conversion from 'double' to 'float', possible loss of data
  CannonVehicle.cpp
C:\Users\xelrac\Documents\GitHub\BulletDemo\BulletDemo\src\CannonVehicle.cpp(7,22): warning C4244: 'initializing': conversion from 'double' to 'float', possible loss of data
C:\Users\xelrac\Documents\GitHub\BulletDemo\BulletDemo\src\CannonVehicle.cpp(68,100): warning C4305: 'argument': truncation from 'double' to 'const btScalar'
C:\Users\xelrac\Documents\GitHub\BulletDemo\BulletDemo\src\CannonVehicle.cpp(71,74): warning C4305: 'argument': truncation from 'double' to 'const btScalar'
C:\Users\xelrac\Documents\GitHub\BulletDemo\BulletDemo\src\CannonVehicle.cpp(93,35): warning C4305: 'initializing': truncation from 'double' to 'btScalar'
C:\Users\xelrac\Documents\GitHub\BulletDemo\BulletDemo\src\CannonVehicle.cpp(94,18): warning C4244: 'initializing': conversion from 'double' to 'float', possible loss of data
C:\Users\xelrac\Documents\GitHub\BulletDemo\BulletDemo\src\CannonVehicle.cpp(99,60): warning C4244: 'argument': conversion from 'double' to 'const btScalar', possible loss of data
C:\Users\xelrac\Documents\GitHub\BulletDemo\BulletDemo\src\CannonVehicle.cpp(103,63): warning C4244: 'argument': conversion from 'double' to 'const btScalar', possible loss of data
C:\Users\xelrac\Documents\GitHub\BulletDemo\BulletDemo\src\CannonVehicle.cpp(107,64): warning C4244: 'argument': conversion from 'double' to 'const btScalar', possible loss of data
C:\Users\xelrac\Documents\GitHub\BulletDemo\BulletDemo\src\CannonVehicle.cpp(111,63): warning C4244: 'argument': conversion from 'double' to 'const btScalar', possible loss of data
  GLBoxShape.cpp
  GLCylinderShape.cpp
  GLPlaneShape.cpp
  GLShape.cpp
  GLSphereShape.cpp
  GL_ShapeDrawer.cpp
  main.cpp
C:\Users\xelrac\Documents\GitHub\BulletDemo\BulletDemo\src\main.cpp(132,25): warning C4244: 'initializing': conversion from 'double' to 'float', possible loss of data
  SphereProjectile.cpp
C:\Users\xelrac\Documents\GitHub\BulletDemo\BulletDemo\src\SphereProjectile.cpp(21,49): warning C4305: 'argument': truncation from 'double' to 'btScalar'
C:\Users\xelrac\Documents\GitHub\BulletDemo\BulletDemo\src\SphereProjectile.cpp(22,51): warning C4305: 'argument': truncation from 'double' to 'btScalar'
  utils.cpp
C:\Users\xelrac\Documents\GitHub\BulletDemo\BulletDemo\src\utils.cpp(99,83): warning C4316: 'GLBoxShape': object allocated on the heap may not be aligned 16
C:\Users\xelrac\Documents\GitHub\BulletDemo\BulletDemo\src\utils.cpp(112,8): warning C4244: '=': conversion from 'double' to 'float', possible loss of data
C:\Users\xelrac\Documents\GitHub\BulletDemo\BulletDemo\src\utils.cpp(118,15): warning C4244: 'argument': conversion from 'time_t' to 'unsigned int', possible loss of data
C:\Users\xelrac\Documents\GitHub\BulletDemo\BulletDemo\src\utils.cpp(128,44): warning C4305: 'initializing': truncation from 'double' to 'float'
C:\Users\xelrac\Documents\GitHub\BulletDemo\BulletDemo\src\utils.cpp(140,129): warning C4305: 'argument': truncation from 'double' to 'float'
  Generating Code...
LINK : warning LNK4098: defaultlib 'LIBCMT' conflicts with use of other libs; use /NODEFAULTLIB:library
glew32s.lib(glew.obj) : warning LNK4099: PDB 'vc120.pdb' was not found with 'glew32s.lib(glew.obj)' or at 'C:\Users\xelrac\Documents\GitHub\BulletDemo\Debug\vc120.pdb'; linking object as if no debug info
  BulletDemo.vcxproj -> C:\Users\xelrac\Documents\GitHub\BulletDemo\Debug\BulletDemo.exe
