c:\users\xelrac\documents\bulletdemo\bulletdemo\debug\vc142.pdb
c:\users\xelrac\documents\bulletdemo\bulletdemo\debug\vc142.idb
c:\users\xelrac\documents\bulletdemo\bulletdemo\debug\utils.obj
c:\users\xelrac\documents\bulletdemo\bulletdemo\debug\main.obj
c:\users\xelrac\documents\bulletdemo\bulletdemo\debug\gl_shapedrawer.obj
c:\users\xelrac\documents\bulletdemo\bulletdemo\debug\glsphereshape.obj
c:\users\xelrac\documents\bulletdemo\bulletdemo\debug\glshape.obj
c:\users\xelrac\documents\bulletdemo\bulletdemo\debug\glplaneshape.obj
c:\users\xelrac\documents\bulletdemo\bulletdemo\debug\glcylindershape.obj
c:\users\xelrac\documents\bulletdemo\bulletdemo\debug\glboxshape.obj
c:\users\xelrac\documents\bulletdemo\bulletdemo\debug\camera.obj
c:\users\xelrac\documents\bulletdemo\debug\bulletdemo.exe
c:\users\xelrac\documents\bulletdemo\bulletdemo\debug\bulletdemo.ilk
c:\users\xelrac\documents\bulletdemo\debug\bulletdemo.pdb
c:\users\xelrac\documents\bulletdemo\bulletdemo\debug\vc141.idb
c:\users\xelrac\documents\bulletdemo\bulletdemo\debug\vc141.pdb
c:\users\xelrac\documents\bulletdemo\bulletdemo\debug\bulletdemo.tlog\cl.command.1.tlog
c:\users\xelrac\documents\bulletdemo\bulletdemo\debug\bulletdemo.tlog\cl.read.1.tlog
c:\users\xelrac\documents\bulletdemo\bulletdemo\debug\bulletdemo.tlog\cl.write.1.tlog
c:\users\xelrac\documents\bulletdemo\bulletdemo\debug\bulletdemo.tlog\link.command.1.tlog
c:\users\xelrac\documents\bulletdemo\bulletdemo\debug\bulletdemo.tlog\link.read.1.tlog
c:\users\xelrac\documents\bulletdemo\bulletdemo\debug\bulletdemo.tlog\link.write.1.tlog
