c:\users\xelrac\documents\bulletdemo\debug\bulletdynamics.pdb
c:\users\xelrac\documents\bulletdemo\debug\bulletdynamics.idb
c:\users\xelrac\documents\bulletdemo\dependencies\bulletphysics\src\bulletdynamics\debug\btdiscretedynamicsworld.obj
c:\users\xelrac\documents\bulletdemo\dependencies\bulletphysics\src\bulletdynamics\debug\btuniversalconstraint.obj
c:\users\xelrac\documents\bulletdemo\dependencies\bulletphysics\src\bulletdynamics\debug\bttypedconstraint.obj
c:\users\xelrac\documents\bulletdemo\dependencies\bulletphysics\src\bulletdynamics\debug\btsolve2linearconstraint.obj
c:\users\xelrac\documents\bulletdemo\dependencies\bulletphysics\src\bulletdynamics\debug\btsliderconstraint.obj
c:\users\xelrac\documents\bulletdemo\dependencies\bulletphysics\src\bulletdynamics\debug\btsequentialimpulseconstraintsolvermt.obj
c:\users\xelrac\documents\bulletdemo\dependencies\bulletphysics\src\bulletdynamics\debug\btsequentialimpulseconstraintsolver.obj
c:\users\xelrac\documents\bulletdemo\dependencies\bulletphysics\src\bulletdynamics\debug\btpoint2pointconstraint.obj
c:\users\xelrac\documents\bulletdemo\dependencies\bulletphysics\src\bulletdynamics\debug\btnncgconstraintsolver.obj
c:\users\xelrac\documents\bulletdemo\dependencies\bulletphysics\src\bulletdynamics\debug\bthingeconstraint.obj
c:\users\xelrac\documents\bulletdemo\dependencies\bulletphysics\src\bulletdynamics\debug\bthinge2constraint.obj
c:\users\xelrac\documents\bulletdemo\dependencies\bulletphysics\src\bulletdynamics\debug\btgeneric6dofspringconstraint.obj
c:\users\xelrac\documents\bulletdemo\dependencies\bulletphysics\src\bulletdynamics\debug\btgeneric6dofspring2constraint.obj
c:\users\xelrac\documents\bulletdemo\dependencies\bulletphysics\src\bulletdynamics\debug\btgeneric6dofconstraint.obj
c:\users\xelrac\documents\bulletdemo\dependencies\bulletphysics\src\bulletdynamics\debug\btgearconstraint.obj
c:\users\xelrac\documents\bulletdemo\dependencies\bulletphysics\src\bulletdynamics\debug\btfixedconstraint.obj
c:\users\xelrac\documents\bulletdemo\dependencies\bulletphysics\src\bulletdynamics\debug\btcontactconstraint.obj
c:\users\xelrac\documents\bulletdemo\dependencies\bulletphysics\src\bulletdynamics\debug\btconetwistconstraint.obj
c:\users\xelrac\documents\bulletdemo\dependencies\bulletphysics\src\bulletdynamics\debug\btbatchedconstraints.obj
c:\users\xelrac\documents\bulletdemo\dependencies\bulletphysics\src\bulletdynamics\debug\btkinematiccharactercontroller.obj
c:\users\xelrac\documents\bulletdemo\dependencies\bulletphysics\src\bulletdynamics\debug\btraycastvehicle.obj
c:\users\xelrac\documents\bulletdemo\dependencies\bulletphysics\src\bulletdynamics\debug\btmlcpsolver.obj
c:\users\xelrac\documents\bulletdemo\dependencies\bulletphysics\src\bulletdynamics\debug\btlemkealgorithm.obj
c:\users\xelrac\documents\bulletdemo\dependencies\bulletphysics\src\bulletdynamics\debug\btdantziglcp.obj
c:\users\xelrac\documents\bulletdemo\dependencies\bulletphysics\src\bulletdynamics\debug\btmultibodysphericaljointmotor.obj
c:\users\xelrac\documents\bulletdemo\dependencies\bulletphysics\src\bulletdynamics\debug\btmultibodysliderconstraint.obj
c:\users\xelrac\documents\bulletdemo\dependencies\bulletphysics\src\bulletdynamics\debug\btmultibodypoint2point.obj
c:\users\xelrac\documents\bulletdemo\dependencies\bulletphysics\src\bulletdynamics\debug\btmultibodymlcpconstraintsolver.obj
c:\users\xelrac\documents\bulletdemo\dependencies\bulletphysics\src\bulletdynamics\debug\btmultibodyjointmotor.obj
c:\users\xelrac\documents\bulletdemo\dependencies\bulletphysics\src\bulletdynamics\debug\btmultibodyjointlimitconstraint.obj
c:\users\xelrac\documents\bulletdemo\dependencies\bulletphysics\src\bulletdynamics\debug\btmultibodygearconstraint.obj
c:\users\xelrac\documents\bulletdemo\dependencies\bulletphysics\src\bulletdynamics\debug\btmultibodyfixedconstraint.obj
c:\users\xelrac\documents\bulletdemo\dependencies\bulletphysics\src\bulletdynamics\debug\btmultibodydynamicsworld.obj
c:\users\xelrac\documents\bulletdemo\dependencies\bulletphysics\src\bulletdynamics\debug\btmultibodyconstraintsolver.obj
c:\users\xelrac\documents\bulletdemo\dependencies\bulletphysics\src\bulletdynamics\debug\btmultibodyconstraint.obj
c:\users\xelrac\documents\bulletdemo\dependencies\bulletphysics\src\bulletdynamics\debug\btmultibody.obj
c:\users\xelrac\documents\bulletdemo\dependencies\bulletphysics\src\bulletdynamics\debug\btsimulationislandmanagermt.obj
c:\users\xelrac\documents\bulletdemo\dependencies\bulletphysics\src\bulletdynamics\debug\btsimpledynamicsworld.obj
c:\users\xelrac\documents\bulletdemo\dependencies\bulletphysics\src\bulletdynamics\debug\btrigidbody.obj
c:\users\xelrac\documents\bulletdemo\dependencies\bulletphysics\src\bulletdynamics\debug\btdiscretedynamicsworldmt.obj
c:\users\xelrac\documents\bulletdemo\dependencies\bulletphysics\src\bulletdynamics\debug\btwheelinfo.obj
c:\users\xelrac\documents\bulletdemo\debug\bulletdynamics.lib
c:\users\xelrac\documents\bulletdemo\dependencies\bulletphysics\src\bulletdynamics\debug\bulletdynamics.idb
c:\users\xelrac\documents\bulletdemo\dependencies\bulletphysics\src\bulletdynamics\debug\bulletdynamics.pdb
c:\users\xelrac\documents\bulletdemo\dependencies\bulletphysics\src\bulletdynamics\debug\bulletdynamics.tlog\cl.command.1.tlog
c:\users\xelrac\documents\bulletdemo\dependencies\bulletphysics\src\bulletdynamics\debug\bulletdynamics.tlog\cl.read.1.tlog
c:\users\xelrac\documents\bulletdemo\dependencies\bulletphysics\src\bulletdynamics\debug\bulletdynamics.tlog\cl.write.1.tlog
c:\users\xelrac\documents\bulletdemo\dependencies\bulletphysics\src\bulletdynamics\debug\bulletdynamics.tlog\lib-link.read.1.tlog
c:\users\xelrac\documents\bulletdemo\dependencies\bulletphysics\src\bulletdynamics\debug\bulletdynamics.tlog\lib-link.write.1.tlog
c:\users\xelrac\documents\bulletdemo\dependencies\bulletphysics\src\bulletdynamics\debug\bulletdynamics.tlog\lib.command.1.tlog
