c:\users\xelrac\documents\bulletdemo\debug\bulletcollision.pdb
c:\users\xelrac\documents\bulletdemo\debug\bulletcollision.idb
c:\users\xelrac\documents\bulletdemo\dependencies\bulletphysics\src\bulletcollision\debug\btcompoundcompoundcollisionalgorithm.obj
c:\users\xelrac\documents\bulletdemo\dependencies\bulletphysics\src\bulletcollision\debug\btcompoundcollisionalgorithm.obj
c:\users\xelrac\documents\bulletdemo\dependencies\bulletphysics\src\bulletcollision\debug\btcollisionworldimporter.obj
c:\users\xelrac\documents\bulletdemo\dependencies\bulletphysics\src\bulletcollision\debug\btcollisionworld.obj
c:\users\xelrac\documents\bulletdemo\dependencies\bulletphysics\src\bulletcollision\debug\btcollisionobject.obj
c:\users\xelrac\documents\bulletdemo\dependencies\bulletphysics\src\bulletcollision\debug\btcollisiondispatchermt.obj
c:\users\xelrac\documents\bulletdemo\dependencies\bulletphysics\src\bulletcollision\debug\btcollisiondispatcher.obj
c:\users\xelrac\documents\bulletdemo\dependencies\bulletphysics\src\bulletcollision\debug\btboxboxdetector.obj
c:\users\xelrac\documents\bulletdemo\dependencies\bulletphysics\src\bulletcollision\debug\btboxboxcollisionalgorithm.obj
c:\users\xelrac\documents\bulletdemo\dependencies\bulletphysics\src\bulletcollision\debug\btbox2dbox2dcollisionalgorithm.obj
c:\users\xelrac\documents\bulletdemo\dependencies\bulletphysics\src\bulletcollision\debug\btactivatingcollisionalgorithm.obj
c:\users\xelrac\documents\bulletdemo\dependencies\bulletphysics\src\bulletcollision\debug\btsimplebroadphase.obj
c:\users\xelrac\documents\bulletdemo\dependencies\bulletphysics\src\bulletcollision\debug\btquantizedbvh.obj
c:\users\xelrac\documents\bulletdemo\dependencies\bulletphysics\src\bulletcollision\debug\btoverlappingpaircache.obj
c:\users\xelrac\documents\bulletdemo\dependencies\bulletphysics\src\bulletcollision\debug\btdispatcher.obj
c:\users\xelrac\documents\bulletdemo\dependencies\bulletphysics\src\bulletcollision\debug\btdbvtbroadphase.obj
c:\users\xelrac\documents\bulletdemo\dependencies\bulletphysics\src\bulletcollision\debug\btdbvt.obj
c:\users\xelrac\documents\bulletdemo\dependencies\bulletphysics\src\bulletcollision\debug\btcollisionalgorithm.obj
c:\users\xelrac\documents\bulletdemo\dependencies\bulletphysics\src\bulletcollision\debug\btbroadphaseproxy.obj
c:\users\xelrac\documents\bulletdemo\dependencies\bulletphysics\src\bulletcollision\debug\btaxissweep3.obj
c:\users\xelrac\documents\bulletdemo\dependencies\bulletphysics\src\bulletcollision\debug\btcapsuleshape.obj
c:\users\xelrac\documents\bulletdemo\dependencies\bulletphysics\src\bulletcollision\debug\btbvhtrianglemeshshape.obj
c:\users\xelrac\documents\bulletdemo\dependencies\bulletphysics\src\bulletcollision\debug\btboxshape.obj
c:\users\xelrac\documents\bulletdemo\dependencies\bulletphysics\src\bulletcollision\debug\btbox2dshape.obj
c:\users\xelrac\documents\bulletdemo\dependencies\bulletphysics\src\bulletcollision\debug\spheretriangledetector.obj
c:\users\xelrac\documents\bulletdemo\dependencies\bulletphysics\src\bulletcollision\debug\btunionfind.obj
c:\users\xelrac\documents\bulletdemo\dependencies\bulletphysics\src\bulletcollision\debug\btspheretrianglecollisionalgorithm.obj
c:\users\xelrac\documents\bulletdemo\dependencies\bulletphysics\src\bulletcollision\debug\btspherespherecollisionalgorithm.obj
c:\users\xelrac\documents\bulletdemo\dependencies\bulletphysics\src\bulletcollision\debug\btsphereboxcollisionalgorithm.obj
c:\users\xelrac\documents\bulletdemo\dependencies\bulletphysics\src\bulletcollision\debug\btsimulationislandmanager.obj
c:\users\xelrac\documents\bulletdemo\dependencies\bulletphysics\src\bulletcollision\debug\btmanifoldresult.obj
c:\users\xelrac\documents\bulletdemo\dependencies\bulletphysics\src\bulletcollision\debug\btinternaledgeutility.obj
c:\users\xelrac\documents\bulletdemo\dependencies\bulletphysics\src\bulletcollision\debug\bthashedsimplepaircache.obj
c:\users\xelrac\documents\bulletdemo\dependencies\bulletphysics\src\bulletcollision\debug\btghostobject.obj
c:\users\xelrac\documents\bulletdemo\dependencies\bulletphysics\src\bulletcollision\debug\btemptycollisionalgorithm.obj
c:\users\xelrac\documents\bulletdemo\dependencies\bulletphysics\src\bulletcollision\debug\btdefaultcollisionconfiguration.obj
c:\users\xelrac\documents\bulletdemo\dependencies\bulletphysics\src\bulletcollision\debug\btconvexplanecollisionalgorithm.obj
c:\users\xelrac\documents\bulletdemo\dependencies\bulletphysics\src\bulletcollision\debug\btconvexconvexalgorithm.obj
c:\users\xelrac\documents\bulletdemo\dependencies\bulletphysics\src\bulletcollision\debug\btconvexconcavecollisionalgorithm.obj
c:\users\xelrac\documents\bulletdemo\dependencies\bulletphysics\src\bulletcollision\debug\btconvex2dconvex2dalgorithm.obj
c:\users\xelrac\documents\bulletdemo\dependencies\bulletphysics\src\bulletcollision\debug\btpolyhedralconvexshape.obj
c:\users\xelrac\documents\bulletdemo\dependencies\bulletphysics\src\bulletcollision\debug\btoptimizedbvh.obj
c:\users\xelrac\documents\bulletdemo\dependencies\bulletphysics\src\bulletcollision\debug\btmultisphereshape.obj
c:\users\xelrac\documents\bulletdemo\dependencies\bulletphysics\src\bulletcollision\debug\btmultimaterialtrianglemeshshape.obj
c:\users\xelrac\documents\bulletdemo\dependencies\bulletphysics\src\bulletcollision\debug\btminkowskisumshape.obj
c:\users\xelrac\documents\bulletdemo\dependencies\bulletphysics\src\bulletcollision\debug\btminisdf.obj
c:\users\xelrac\documents\bulletdemo\dependencies\bulletphysics\src\bulletcollision\debug\btheightfieldterrainshape.obj
c:\users\xelrac\documents\bulletdemo\dependencies\bulletphysics\src\bulletcollision\debug\btemptyshape.obj
c:\users\xelrac\documents\bulletdemo\dependencies\bulletphysics\src\bulletcollision\debug\btcylindershape.obj
c:\users\xelrac\documents\bulletdemo\dependencies\bulletphysics\src\bulletcollision\debug\btconvextrianglemeshshape.obj
c:\users\xelrac\documents\bulletdemo\dependencies\bulletphysics\src\bulletcollision\debug\btconvexshape.obj
c:\users\xelrac\documents\bulletdemo\dependencies\bulletphysics\src\bulletcollision\debug\btconvexpolyhedron.obj
c:\users\xelrac\documents\bulletdemo\dependencies\bulletphysics\src\bulletcollision\debug\btconvexpointcloudshape.obj
c:\users\xelrac\documents\bulletdemo\dependencies\bulletphysics\src\bulletcollision\debug\btconvexinternalshape.obj
c:\users\xelrac\documents\bulletdemo\dependencies\bulletphysics\src\bulletcollision\debug\btconvexhullshape.obj
c:\users\xelrac\documents\bulletdemo\dependencies\bulletphysics\src\bulletcollision\debug\btconvex2dshape.obj
c:\users\xelrac\documents\bulletdemo\dependencies\bulletphysics\src\bulletcollision\debug\btconeshape.obj
c:\users\xelrac\documents\bulletdemo\dependencies\bulletphysics\src\bulletcollision\debug\btconcaveshape.obj
c:\users\xelrac\documents\bulletdemo\dependencies\bulletphysics\src\bulletcollision\debug\btcompoundshape.obj
c:\users\xelrac\documents\bulletdemo\dependencies\bulletphysics\src\bulletcollision\debug\btcollisionshape.obj
c:\users\xelrac\documents\bulletdemo\dependencies\bulletphysics\src\bulletcollision\debug\btgimpactshape.obj
c:\users\xelrac\documents\bulletdemo\dependencies\bulletphysics\src\bulletcollision\debug\btgimpactquantizedbvh.obj
c:\users\xelrac\documents\bulletdemo\dependencies\bulletphysics\src\bulletcollision\debug\btgimpactcollisionalgorithm.obj
c:\users\xelrac\documents\bulletdemo\dependencies\bulletphysics\src\bulletcollision\debug\btgimpactbvh.obj
c:\users\xelrac\documents\bulletdemo\dependencies\bulletphysics\src\bulletcollision\debug\btgenericpoolallocator.obj
c:\users\xelrac\documents\bulletdemo\dependencies\bulletphysics\src\bulletcollision\debug\btcontactprocessing.obj
c:\users\xelrac\documents\bulletdemo\dependencies\bulletphysics\src\bulletcollision\debug\btuniformscalingshape.obj
c:\users\xelrac\documents\bulletdemo\dependencies\bulletphysics\src\bulletcollision\debug\bttrianglemeshshape.obj
c:\users\xelrac\documents\bulletdemo\dependencies\bulletphysics\src\bulletcollision\debug\bttrianglemesh.obj
c:\users\xelrac\documents\bulletdemo\dependencies\bulletphysics\src\bulletcollision\debug\bttriangleindexvertexmaterialarray.obj
c:\users\xelrac\documents\bulletdemo\dependencies\bulletphysics\src\bulletcollision\debug\bttriangleindexvertexarray.obj
c:\users\xelrac\documents\bulletdemo\dependencies\bulletphysics\src\bulletcollision\debug\bttrianglecallback.obj
c:\users\xelrac\documents\bulletdemo\dependencies\bulletphysics\src\bulletcollision\debug\bttrianglebuffer.obj
c:\users\xelrac\documents\bulletdemo\dependencies\bulletphysics\src\bulletcollision\debug\bttetrahedronshape.obj
c:\users\xelrac\documents\bulletdemo\dependencies\bulletphysics\src\bulletcollision\debug\btstridingmeshinterface.obj
c:\users\xelrac\documents\bulletdemo\dependencies\bulletphysics\src\bulletcollision\debug\btstaticplaneshape.obj
c:\users\xelrac\documents\bulletdemo\dependencies\bulletphysics\src\bulletcollision\debug\btsphereshape.obj
c:\users\xelrac\documents\bulletdemo\dependencies\bulletphysics\src\bulletcollision\debug\btshapehull.obj
c:\users\xelrac\documents\bulletdemo\dependencies\bulletphysics\src\bulletcollision\debug\btsdfcollisionshape.obj
c:\users\xelrac\documents\bulletdemo\dependencies\bulletphysics\src\bulletcollision\debug\btscaledbvhtrianglemeshshape.obj
c:\users\xelrac\documents\bulletdemo\dependencies\bulletphysics\src\bulletcollision\debug\btvoronoisimplexsolver.obj
c:\users\xelrac\documents\bulletdemo\dependencies\bulletphysics\src\bulletcollision\debug\btsubsimplexconvexcast.obj
c:\users\xelrac\documents\bulletdemo\dependencies\bulletphysics\src\bulletcollision\debug\btraycastcallback.obj
c:\users\xelrac\documents\bulletdemo\dependencies\bulletphysics\src\bulletcollision\debug\btpolyhedralcontactclipping.obj
c:\users\xelrac\documents\bulletdemo\dependencies\bulletphysics\src\bulletcollision\debug\btpersistentmanifold.obj
c:\users\xelrac\documents\bulletdemo\dependencies\bulletphysics\src\bulletcollision\debug\btminkowskipenetrationdepthsolver.obj
c:\users\xelrac\documents\bulletdemo\dependencies\bulletphysics\src\bulletcollision\debug\btgjkpairdetector.obj
c:\users\xelrac\documents\bulletdemo\dependencies\bulletphysics\src\bulletcollision\debug\btgjkepapenetrationdepthsolver.obj
c:\users\xelrac\documents\bulletdemo\dependencies\bulletphysics\src\bulletcollision\debug\btgjkepa2.obj
c:\users\xelrac\documents\bulletdemo\dependencies\bulletphysics\src\bulletcollision\debug\btgjkconvexcast.obj
c:\users\xelrac\documents\bulletdemo\dependencies\bulletphysics\src\bulletcollision\debug\btconvexcast.obj
c:\users\xelrac\documents\bulletdemo\dependencies\bulletphysics\src\bulletcollision\debug\btcontinuousconvexcollision.obj
c:\users\xelrac\documents\bulletdemo\dependencies\bulletphysics\src\bulletcollision\debug\gim_tri_collision.obj
c:\users\xelrac\documents\bulletdemo\dependencies\bulletphysics\src\bulletcollision\debug\gim_memory.obj
c:\users\xelrac\documents\bulletdemo\dependencies\bulletphysics\src\bulletcollision\debug\gim_contact.obj
c:\users\xelrac\documents\bulletdemo\dependencies\bulletphysics\src\bulletcollision\debug\gim_box_set.obj
c:\users\xelrac\documents\bulletdemo\dependencies\bulletphysics\src\bulletcollision\debug\bttriangleshapeex.obj
c:\users\xelrac\documents\bulletdemo\debug\bulletcollision.lib
c:\users\xelrac\documents\bulletdemo\dependencies\bulletphysics\src\bulletcollision\debug\bulletcollision.idb
c:\users\xelrac\documents\bulletdemo\dependencies\bulletphysics\src\bulletcollision\debug\bulletcollision.pdb
c:\users\xelrac\documents\bulletdemo\dependencies\bulletphysics\src\bulletcollision\debug\bulletcollision.tlog\cl.command.1.tlog
c:\users\xelrac\documents\bulletdemo\dependencies\bulletphysics\src\bulletcollision\debug\bulletcollision.tlog\cl.read.1.tlog
c:\users\xelrac\documents\bulletdemo\dependencies\bulletphysics\src\bulletcollision\debug\bulletcollision.tlog\cl.write.1.tlog
c:\users\xelrac\documents\bulletdemo\dependencies\bulletphysics\src\bulletcollision\debug\bulletcollision.tlog\lib-link.read.1.tlog
c:\users\xelrac\documents\bulletdemo\dependencies\bulletphysics\src\bulletcollision\debug\bulletcollision.tlog\lib-link.write.1.tlog
c:\users\xelrac\documents\bulletdemo\dependencies\bulletphysics\src\bulletcollision\debug\bulletcollision.tlog\lib.command.1.tlog
